<?xml version="1.0" encoding="UTF-8"?>
<!-- Generated by org.testng.reporters.JUnitReportReporter -->
<testsuite skipped="0" hostname="Shisir-PC" name="com.ComCast.FindDup_Opportunities.Opportunity_cancel_button" tests="1" failures="0" timestamp="07 Mar 2019 13:49:03 GMT" time="100.808" errors="0">
  <testcase name="opportunity_nodata_dup" time="100.808" classname="com.ComCast.FindDup_Opportunities.Opportunity_cancel_button"/>
</testsuite> <!-- com.ComCast.FindDup_Opportunities.Opportunity_cancel_button -->
