<?xml version="1.0" encoding="UTF-8"?>
<!-- Generated by org.testng.reporters.JUnitReportReporter -->
<testsuite skipped="0" hostname="Shisir-PC" name="com.ComCast.FindDup_Opportunities.FindDup_Opportunities" tests="1" failures="0" timestamp="08 Mar 2019 09:18:27 GMT" time="52.829" errors="0">
  <testcase name="opportunity_nodata_dup" time="52.829" classname="com.ComCast.FindDup_Opportunities.FindDup_Opportunities"/>
</testsuite> <!-- com.ComCast.FindDup_Opportunities.FindDup_Opportunities -->
