<?xml version="1.0" encoding="UTF-8"?>
<!-- Generated by org.testng.reporters.JUnitReportReporter -->
<testsuite skipped="0" hostname="Shisir-PC" name="com.ComCast.CreateOpportunities.CreateOpportunity" tests="1" failures="0" timestamp="04 Mar 2019 14:20:04 GMT" time="14.848" errors="0">
  <testcase name="CreateOpportunityWithMandatoryField" time="14.848" classname="com.ComCast.CreateOpportunities.CreateOpportunity"/>
</testsuite> <!-- com.ComCast.CreateOpportunities.CreateOpportunity -->
