<?xml version="1.0" encoding="UTF-8"?>
<!-- Generated by org.testng.reporters.JUnitReportReporter -->
<testsuite skipped="0" hostname="Shisir-PC" name="com.ComCast.Export_Opportunities.Export_Oppertunities" tests="1" failures="0" timestamp="04 Mar 2019 17:22:12 GMT" time="39.911" errors="0">
  <testcase name="opportunity_Export_File" time="39.911" classname="com.ComCast.Export_Opportunities.Export_Oppertunities"/>
</testsuite> <!-- com.ComCast.Export_Opportunities.Export_Oppertunities -->
